|2024-04-29|19:21:59.727| [INFO] .... Detect #GPUS: 1
|2024-04-29|19:22:12.821| [INFO] .... Detect #GPUS: 1
|2024-04-29|19:23:20.544| [INFO] .... Detect #GPUS: 1
|2024-04-29|19:23:39.279| [INFO] .... Detect #GPUS: 1
|2024-05-06|10:42:05.610| [INFO] .... Detect #GPUS: 1
|2024-05-06|11:16:58.351| [INFO]  Detect #GPUS: 1
|2024-05-06|11:17:48.868| [INFO]  Detect #GPUS: 1
|2024-05-06|11:18:07.618| [INFO] .... Detect #GPUS: 1
|2024-05-06|11:19:03.071| [INFO] .... Detect #GPUS: 1
|2024-05-06|11:19:43.288| [INFO] .... Detect #GPUS: 1
|2024-05-06|11:20:10.547| [INFO] .... Detect #GPUS: 1
|2024-05-06|11:24:32.567| [INFO] .... Detect #GPUS: 1
|2024-05-06|11:24:45.280| [INFO] .... Detect #GPUS: 1
|2024-05-06|11:26:19.292| [INFO] .... Detect #GPUS: 1
|2024-05-06|11:26:22.834| [INFO] .... Detect #GPUS: 1
|2024-05-06|11:27:16.858| [INFO] .... Detect #GPUS: 1
|2024-05-06|11:28:07.526| [INFO] .... Detect #GPUS: 1
|2024-05-06|11:28:33.025| [INFO] .... Detect #GPUS: 1
|2024-05-06|11:28:36.130| [INFO] .... Detect #GPUS: 1
|2024-05-06|11:29:16.133| [INFO] .... Detect #GPUS: 1
|2024-05-06|11:29:24.872| [INFO] .... Detect #GPUS: 1
|2024-05-06|11:29:34.883| [INFO] .... Detect #GPUS: 1
|2024-05-06|11:30:37.854| [INFO] .... Detect #GPUS: 1
|2024-05-06|11:31:03.294| [INFO] ........................ Done Assembling Zhou-152_1_401
|2024-05-06|11:31:03.304| [INFO] ........................ Done Assembling Zhou-283_0_328
|2024-05-06|11:31:03.312| [INFO] ........................ Done Assembling Zhou-219_1_172
|2024-05-06|11:31:03.321| [INFO] ........................ Done Assembling Zhou-3_0_262
|2024-05-06|11:31:03.333| [INFO] ........................ Done Assembling Zhou-1_1_327
|2024-05-06|11:31:03.345| [INFO] ........................ Done Assembling Zhou-51_0_425
|2024-05-06|14:18:12.412| [INFO] .... Detect #GPUS: 1
|2024-05-06|14:18:35.510| [INFO] ........................ Done Assembling Zhou-152_1_401
|2024-05-06|14:18:35.532| [INFO] ........................ Done Assembling Zhou-1_1_327
|2024-05-06|14:18:35.543| [INFO] ........................ Done Assembling Zhou-219_1_172
|2024-05-06|14:18:35.554| [INFO] ........................ Done Assembling Zhou-283_0_328
|2024-05-06|14:18:35.567| [INFO] ........................ Done Assembling Zhou-51_0_425
|2024-05-06|14:18:35.579| [INFO] ........................ Done Assembling Zhou-3_0_262
|2024-05-06|14:48:04.090| [INFO] .... Detect #GPUS: 1
|2024-05-06|14:48:26.728| [INFO] ........................ Done Assembling Zhou-152_1_401
|2024-05-06|14:48:26.848| [INFO] ........................ Done Assembling Zhou-219_1_172
|2024-05-06|14:48:26.864| [INFO] ........................ Done Assembling Zhou-1_1_327
|2024-05-06|14:48:26.959| [INFO] ........................ Done Assembling Zhou-283_0_328
|2024-05-06|14:48:26.974| [INFO] ........................ Done Assembling Zhou-3_0_262
|2024-05-06|14:48:26.999| [INFO] ........................ Done Assembling Zhou-51_0_425
|2024-05-06|14:48:44.903| [INFO] .... Detect #GPUS: 1
|2024-05-06|14:49:06.796| [INFO] ........................ Done Assembling Zhou-152_1_401
|2024-05-06|14:49:06.892| [INFO] ........................ Done Assembling Zhou-1_1_327
|2024-05-06|14:49:06.912| [INFO] ........................ Done Assembling Zhou-219_1_172
|2024-05-06|14:49:06.936| [INFO] ........................ Done Assembling Zhou-283_0_328
|2024-05-06|14:49:07.010| [INFO] ........................ Done Assembling Zhou-3_0_262
|2024-05-06|14:49:07.044| [INFO] ........................ Done Assembling Zhou-51_0_425
|2024-05-06|14:55:17.247| [INFO] .... Detect #GPUS: 1
|2024-05-06|14:59:21.497| [INFO] Note: NumExpr detected 32 cores but "NUMEXPR_MAX_THREADS" not set, so enforcing safe limit of 8.
|2024-05-06|14:59:21.497| [INFO] NumExpr defaulting to 8 threads.
|2024-05-06|14:59:34.544| [WARNING] Clipping input data to the valid range for imshow with RGB data ([0..1] for floats or [0..255] for integers).
|2024-05-06|15:10:21.848| [INFO] .... Detect #GPUS: 1
|2024-05-06|15:11:25.413| [INFO] .... Detect #GPUS: 1
|2024-05-06|15:11:33.005| [INFO] .... Detect #GPUS: 1
|2024-05-06|15:11:40.299| [INFO] .... Detect #GPUS: 1
|2024-05-06|15:11:44.776| [INFO] .... Detect #GPUS: 1
|2024-05-06|15:11:50.741| [INFO] .... Detect #GPUS: 1
|2024-05-06|15:12:16.131| [INFO] .... Detect #GPUS: 1
|2024-05-06|15:16:19.504| [INFO] .... Detect #GPUS: 1
|2024-05-06|15:18:15.533| [INFO] Note: NumExpr detected 32 cores but "NUMEXPR_MAX_THREADS" not set, so enforcing safe limit of 8.
|2024-05-06|15:18:15.533| [INFO] NumExpr defaulting to 8 threads.
|2024-05-06|15:26:32.672| [INFO] .... Detect #GPUS: 1
|2024-05-06|15:27:27.981| [INFO] .... Detect #GPUS: 1
|2024-05-06|15:30:54.904| [INFO] .... Detect #GPUS: 1
|2024-05-06|15:31:41.260| [INFO] .... Detect #GPUS: 1
|2024-05-06|15:32:17.423| [INFO] .... Detect #GPUS: 1
|2024-05-06|15:32:23.049| [INFO] .... Detect #GPUS: 1
|2024-05-06|15:32:34.918| [INFO] .... Detect #GPUS: 1
|2024-05-06|15:37:35.436| [INFO] .... Detect #GPUS: 1
|2024-05-06|15:38:12.566| [INFO] .... Detect #GPUS: 1
|2024-05-06|15:38:38.009| [INFO] .... Detect #GPUS: 1
|2024-05-06|15:40:43.784| [INFO] .... Detect #GPUS: 1
|2024-05-06|15:41:02.095| [INFO] ........................ Done Assembling Zhou-1_1_327
|2024-05-06|15:41:02.109| [INFO] ........................ Done Assembling Zhou-152_1_401
|2024-05-06|15:41:02.115| [INFO] ........................ Done Assembling Zhou-283_0_328
|2024-05-06|15:41:02.123| [INFO] ........................ Done Assembling Zhou-219_1_172
|2024-05-06|15:41:02.133| [INFO] ........................ Done Assembling Zhou-3_0_262
|2024-05-06|15:41:02.141| [INFO] ........................ Done Assembling Zhou-51_0_425
|2024-05-06|15:49:00.191| [INFO] .... Detect #GPUS: 1
|2024-05-06|15:49:19.980| [INFO] ........................ Done Assembling Zhou-283_0_328
|2024-05-06|15:49:19.996| [INFO] ........................ Done Assembling Zhou-219_1_172
|2024-05-06|15:49:20.023| [INFO] ........................ Done Assembling Zhou-152_1_401
|2024-05-06|15:49:20.042| [INFO] ........................ Done Assembling Zhou-1_1_327
|2024-05-06|15:49:20.057| [INFO] ........................ Done Assembling Zhou-3_0_262
|2024-05-06|15:49:20.071| [INFO] ........................ Done Assembling Zhou-51_0_425
|2024-05-06|15:50:18.287| [INFO] .... Detect #GPUS: 1
|2024-05-06|15:50:32.981| [INFO] ........................ Done Assembling Zhou-152_1_401
|2024-05-06|15:50:33.014| [INFO] ........................ Done Assembling Zhou-1_1_327
|2024-05-06|15:50:33.033| [INFO] ........................ Done Assembling Zhou-219_1_172
|2024-05-06|15:50:33.070| [INFO] ........................ Done Assembling Zhou-283_0_328
|2024-05-06|15:50:33.081| [INFO] ........................ Done Assembling Zhou-3_0_262
|2024-05-06|15:50:33.097| [INFO] ........................ Done Assembling Zhou-51_0_425
|2024-05-06|19:46:41.130| [INFO] .... Detect #GPUS: 1
|2024-05-06|19:46:57.998| [INFO] ........................ Done Assembling Zhou-152_1_401
|2024-05-06|19:46:58.014| [INFO] ........................ Done Assembling Zhou-1_1_327
|2024-05-06|19:46:58.022| [INFO] ........................ Done Assembling Zhou-219_1_172
|2024-05-06|19:46:58.030| [INFO] ........................ Done Assembling Zhou-3_0_262
|2024-05-06|19:46:58.044| [INFO] ........................ Done Assembling Zhou-283_0_328
|2024-05-06|19:46:58.058| [INFO] ........................ Done Assembling Zhou-51_0_425
|2024-05-06|19:47:23.435| [INFO] .... Detect #GPUS: 1
|2024-05-06|19:47:37.490| [INFO] ........................ Done Assembling Zhou-152_1_401
|2024-05-06|19:47:37.498| [INFO] ........................ Done Assembling Zhou-219_1_172
|2024-05-06|19:47:37.510| [INFO] ........................ Done Assembling Zhou-3_0_262
|2024-05-06|19:47:37.522| [INFO] ........................ Done Assembling Zhou-283_0_328
|2024-05-06|19:47:37.534| [INFO] ........................ Done Assembling Zhou-1_1_327
|2024-05-06|19:47:37.550| [INFO] ........................ Done Assembling Zhou-51_0_425
|2024-05-06|19:49:00.367| [INFO] .... Detect #GPUS: 1
|2024-05-06|19:50:03.507| [INFO] ........................ Done Assembling train_1
|2024-05-06|19:50:03.579| [INFO] ........................ Done Assembling train_11
|2024-05-06|19:50:03.723| [INFO] ........................ Done Assembling train_10
|2024-05-06|19:50:03.764| [INFO] ........................ Done Assembling train_12
|2024-05-06|19:50:03.804| [INFO] ........................ Done Assembling train_15
|2024-05-06|19:50:03.828| [INFO] ........................ Done Assembling train_25
|2024-05-06|19:50:03.912| [INFO] ........................ Done Assembling train_14
|2024-05-06|19:50:03.960| [INFO] ........................ Done Assembling train_16
|2024-05-06|19:50:03.996| [INFO] ........................ Done Assembling train_26
|2024-05-06|19:50:04.128| [INFO] ........................ Done Assembling train_13
|2024-05-06|19:50:04.160| [INFO] ........................ Done Assembling train_27
|2024-05-06|19:50:04.244| [INFO] ........................ Done Assembling train_24
|2024-05-06|19:50:04.277| [INFO] ........................ Done Assembling train_4
|2024-05-06|19:50:04.325| [INFO] ........................ Done Assembling train_2
|2024-05-06|19:50:04.353| [INFO] ........................ Done Assembling train_5
|2024-05-06|19:50:04.433| [INFO] ........................ Done Assembling train_19
|2024-05-06|19:50:04.564| [INFO] ........................ Done Assembling train_3
|2024-05-06|19:50:04.686| [INFO] ........................ Done Assembling train_17
|2024-05-06|19:50:04.762| [INFO] ........................ Done Assembling train_21
|2024-05-06|19:50:04.838| [INFO] ........................ Done Assembling train_20
|2024-05-06|19:50:04.918| [INFO] ........................ Done Assembling train_6
|2024-05-06|19:50:05.018| [INFO] ........................ Done Assembling train_22
|2024-05-06|19:50:05.170| [INFO] ........................ Done Assembling train_18
|2024-05-06|19:50:05.286| [INFO] ........................ Done Assembling train_23
|2024-05-06|19:50:05.379| [INFO] ........................ Done Assembling train_7
|2024-05-06|19:50:05.455| [INFO] ........................ Done Assembling train_9
|2024-05-06|19:50:05.579| [INFO] ........................ Done Assembling train_8
|2024-05-06|19:58:56.834| [INFO] .... Detect #GPUS: 1
|2024-05-06|19:59:25.410| [INFO] ........................ Done Assembling 414963_0_tile_16_level0_11-38
|2024-05-06|19:59:25.430| [INFO] ........................ Done Assembling 525872_0_tile_19_level0_13-11
|2024-05-06|19:59:25.454| [INFO] ........................ Done Assembling 414963_0_tile_30_level0_12-19
|2024-05-06|19:59:25.474| [INFO] ........................ Done Assembling 525872_0_tile_20_level0_13-12
|2024-05-06|19:59:25.490| [INFO] ........................ Done Assembling 414963_0_tile_305_level0_90-14
|2024-05-06|19:59:25.498| [INFO] ........................ Done Assembling 556598_0_tile_21_level0_18-14
|2024-05-06|19:59:25.502| [INFO] ........................ Done Assembling 556598_0_tile_36_level0_19-29
|2024-05-06|19:59:25.518| [INFO] ........................ Done Assembling 569698_0_tile_19_level0_11-46
|2024-05-06|19:59:25.534| [INFO] ........................ Done Assembling 569698_0_tile_32_level0_13-43
|2024-05-06|19:59:25.542| [INFO] ........................ Done Assembling 578581_0_tile_171_level0_23-32
|2024-05-06|19:59:25.558| [INFO] ........................ Done Assembling 569698_0_tile_42_level0_14-42
|2024-05-06|19:59:25.566| [INFO] ........................ Done Assembling 414963_0_tile_378_level0_97-13
|2024-05-06|19:59:25.578| [INFO] ........................ Done Assembling 578581_0_tile_331_level0_98-15
|2024-05-06|19:59:25.582| [INFO] ........................ Done Assembling 578581_0_tile_342_level0_98-36
|2024-05-06|19:59:25.587| [INFO] ........................ Done Assembling 414963_0_tile_329_level0_92-15
|2024-05-06|19:59:25.590| [INFO] ........................ Done Assembling 590475_0_tile_20_level0_15-32
|2024-05-06|19:59:25.594| [INFO] ........................ Done Assembling 590475_0_tile_41_level0_17-35
|2024-05-06|19:59:25.594| [INFO] ........................ Done Assembling 590475_0_tile_46_level0_18-30
|2024-05-06|19:59:25.602| [INFO] ........................ Done Assembling 845022_0_tile_21_level0_14-30
|2024-05-06|19:59:25.614| [INFO] ........................ Done Assembling 628276_0_tile_17_level0_11-20
|2024-05-06|19:59:25.622| [INFO] ........................ Done Assembling 734205_0_tile_179_level0_21-108
|2024-05-06|19:59:25.630| [INFO] ........................ Done Assembling 845022_0_tile_256_level0_41-37
|2024-05-06|19:59:25.642| [INFO] ........................ Done Assembling 845022_0_tile_264_level0_42-17
|2024-05-06|19:59:25.646| [INFO] ........................ Done Assembling G101217-1_tile_22_level0_12-19
|2024-05-06|19:59:25.658| [INFO] ........................ Done Assembling 992132_0_tile_43_level0_8-20
|2024-05-06|19:59:25.670| [INFO] ........................ Done Assembling 414963_0_tile_412_level0_109-41
|2024-05-06|19:59:25.682| [INFO] ........................ Done Assembling 996891_0_tile_45_level0_11-33
|2024-05-06|19:59:25.690| [INFO] ........................ Done Assembling G101217-1_tile_38_level0_14-21
|2024-05-06|19:59:25.694| [INFO] ........................ Done Assembling G105306-1_tile_31_level0_15-24
|2024-05-06|19:59:25.702| [INFO] ........................ Done Assembling G101217-1_tile_47_level0_15-23
|2024-05-06|19:59:25.710| [INFO] ........................ Done Assembling 477585_0_tile_18_level0_7-45
|2024-05-06|19:59:25.718| [INFO] ........................ Done Assembling G105306-1_tile_43_level0_16-22
|2024-05-06|19:59:25.722| [INFO] ........................ Done Assembling G106965-1(1)_tile_1050_level0_18-63
|2024-05-06|19:59:25.726| [INFO] ........................ Done Assembling G106965-1(1)_tile_1051_level0_18-64
|2024-05-06|19:59:25.730| [INFO] ........................ Done Assembling G112882-1_tile_398_level0_37-61
|2024-05-06|19:59:25.734| [INFO] ........................ Done Assembling G118150-1_tile_74_level0_20-31
|2024-05-06|19:59:25.742| [INFO] ........................ Done Assembling G118150-1_tile_94_level0_21-31
|2024-05-06|19:59:25.746| [INFO] ........................ Done Assembling G53661-1_tile_6421_level0_163-23
|2024-05-06|19:59:25.754| [INFO] ........................ Done Assembling 477585_0_tile_27_level0_8-45
|2024-05-06|19:59:25.762| [INFO] ........................ Done Assembling G53661-1_tile_6422_level0_163-24
|2024-05-06|19:59:25.766| [INFO] ........................ Done Assembling G53661-1_tile_6428_level0_163-46
|2024-05-06|19:59:25.774| [INFO] ........................ Done Assembling G53661-1_tile_6461_level0_164-19
|2024-05-06|19:59:25.778| [INFO] ........................ Done Assembling G53661-1_tile_6477_level0_164-55
|2024-05-06|19:59:25.786| [INFO] ........................ Done Assembling 477585_0_tile_41_level0_10-46
|2024-05-06|19:59:25.790| [INFO] ........................ Done Assembling G58272-1_tile_345_level0_29-38
|2024-05-06|19:59:25.790| [INFO] ........................ Done Assembling G58272-1_tile_360_level0_29-55
|2024-05-06|19:59:25.794| [INFO] ........................ Done Assembling G58272-1_tile_41_level0_20-24
|2024-05-06|19:59:25.798| [INFO] ........................ Done Assembling G58272-1_tile_47_level0_20-30
|2024-05-06|19:59:25.802| [INFO] ........................ Done Assembling G61459-1_tile_139_level0_28-13
|2024-05-06|19:59:25.806| [INFO] ........................ Done Assembling G61459-1_tile_159_level0_29-20
|2024-05-06|19:59:25.814| [INFO] ........................ Done Assembling 477585_0_tile_49_level0_14-39
|2024-05-06|19:59:25.818| [INFO] ........................ Done Assembling G95280-1_tile_17_level0_15-48
|2024-05-06|19:59:25.826| [INFO] ........................ Done Assembling G95280-1_tile_40_level0_17-45
|2024-05-06|19:59:25.830| [INFO] ........................ Done Assembling G98635-1(1)_tile_74_level0_6-67
|2024-05-06|19:59:25.838| [INFO] ........................ Done Assembling G95280-1_tile_45_level0_17-50
|2024-05-06|19:59:25.842| [INFO] ........................ Done Assembling G98635-1(1)_tile_95_level0_7-69
|2024-05-06|19:59:25.850| [INFO] ........................ Done Assembling 506337_0_tile_64_level0_22-17
|2024-05-06|19:59:25.862| [INFO] ........................ Done Assembling 506777_0_tile_40_level0_14-9
|2024-05-06|19:59:25.870| [INFO] ........................ Done Assembling 506337_0_tile_75_level0_23-14
|2024-05-06|19:59:25.882| [INFO] ........................ Done Assembling 506777_0_tile_17_level0_10-10
|2024-05-06|19:59:25.894| [INFO] ........................ Done Assembling 521415_0_tile_136_level0_76-17
|2024-05-06|19:59:25.902| [INFO] ........................ Done Assembling 521415_0_tile_139_level0_76-20
|2024-05-06|20:06:22.555| [INFO] .... Detect #GPUS: 1
|2024-05-06|20:06:44.673| [INFO] ........................ Done Assembling 935864_0_tile_10_level0_8-43
|2024-05-06|20:06:44.685| [INFO] ........................ Done Assembling 942359_0_tile_24_level0_14-8
|2024-05-06|20:06:44.709| [INFO] ........................ Done Assembling 942359_0_tile_56_level0_18-10
|2024-05-06|20:06:44.729| [INFO] ........................ Done Assembling 943784_0_tile_139_level0_32-42
|2024-05-06|20:06:44.761| [INFO] ........................ Done Assembling 935864_0_tile_26_level0_10-40
|2024-05-06|20:06:44.777| [INFO] ........................ Done Assembling 945986_0_tile_20_level0_11-12
|2024-05-06|20:06:44.809| [INFO] ........................ Done Assembling 943784_0_tile_159_level0_34-37
|2024-05-06|20:06:44.833| [INFO] ........................ Done Assembling 935864_0_tile_11_level0_8-44
|2024-05-06|20:06:44.849| [INFO] ........................ Done Assembling 945986_0_tile_30_level0_12-13
|2024-05-06|20:06:44.873| [INFO] ........................ Done Assembling 948805_0_tile_139_level0_29-32
|2024-05-06|20:06:44.881| [INFO] ........................ Done Assembling 980893_0_tile_235_level0_33-72
|2024-05-06|20:06:44.889| [INFO] ........................ Done Assembling 935864_0_tile_42_level0_11-47
|2024-05-06|20:06:44.901| [INFO] ........................ Done Assembling 935864_0_tile_40_level0_11-44
|2024-05-06|20:06:44.905| [INFO] ........................ Done Assembling 936462_0_tile_30_level0_22-34
|2024-05-06|20:06:44.913| [INFO] ........................ Done Assembling 935864_0_tile_55_level0_13-37
|2024-05-06|20:06:44.917| [INFO] ........................ Done Assembling 936462_0_tile_45_level0_23-39
|2024-05-06|20:06:44.937| [INFO] ........................ Done Assembling 937149_0_tile_209_level0_22-17
|2024-05-06|20:06:44.949| [INFO] ........................ Done Assembling 937149_0_tile_43_level0_11-20
|2024-05-06|20:06:44.957| [INFO] ........................ Done Assembling 937149_0_tile_3_level0_5-17
|2024-05-06|20:06:44.965| [INFO] ........................ Done Assembling 937149_0_tile_222_level0_23-18
|2024-05-06|20:06:44.973| [INFO] ........................ Done Assembling 937149_0_tile_5_level0_6-14
|2024-05-06|20:06:44.993| [INFO] ........................ Done Assembling 937149_0_tile_65_level0_13-12
|2024-05-06|20:06:45.005| [INFO] ........................ Done Assembling 942359_0_tile_22_level0_14-6
|2024-05-06|20:06:45.017| [INFO] ........................ Done Assembling 937149_0_tile_6_level0_6-15
|2025-04-02|17:07:56.271| [INFO] .... Detect #GPUS: 1
|2025-04-02|17:08:58.041| [INFO] .... Detect #GPUS: 1
|2025-04-07|09:26:07.928| [INFO] .... Detect #GPUS: 1
|2025-04-07|09:26:35.370| [INFO] .... Detect #GPUS: 1
|2025-04-07|09:27:13.632| [INFO] .... Detect #GPUS: 1
|2025-04-07|09:29:54.433| [INFO] .... Detect #GPUS: 1
|2025-04-07|09:30:19.396| [INFO] ........................ Done Assembling 935864_0_tile_11_level0_8-44
|2025-04-07|09:30:19.416| [INFO] ........................ Done Assembling 935864_0_tile_10_level0_8-43
|2025-04-07|09:30:19.422| [INFO] ........................ Done Assembling 942359_0_tile_24_level0_14-8
|2025-04-07|09:30:19.426| [INFO] ........................ Done Assembling 942359_0_tile_56_level0_18-10
|2025-04-07|09:30:19.440| [INFO] ........................ Done Assembling 943784_0_tile_139_level0_32-42
|2025-04-07|09:30:19.456| [INFO] ........................ Done Assembling 935864_0_tile_26_level0_10-40
|2025-04-07|09:30:19.472| [INFO] ........................ Done Assembling 943784_0_tile_159_level0_34-37
|2025-04-07|09:30:19.479| [INFO] ........................ Done Assembling 945986_0_tile_20_level0_11-12
|2025-04-07|09:30:19.487| [INFO] ........................ Done Assembling 945986_0_tile_30_level0_12-13
|2025-04-07|09:30:19.499| [INFO] ........................ Done Assembling 948805_0_tile_139_level0_29-32
|2025-04-07|09:30:19.507| [INFO] ........................ Done Assembling 980893_0_tile_235_level0_33-72
|2025-04-07|09:30:19.517| [INFO] ........................ Done Assembling 935864_0_tile_40_level0_11-44
|2025-04-07|09:30:19.558| [INFO] ........................ Done Assembling 935864_0_tile_42_level0_11-47
|2025-04-07|09:30:19.604| [INFO] ........................ Done Assembling 935864_0_tile_55_level0_13-37
|2025-04-07|09:30:19.630| [INFO] ........................ Done Assembling 936462_0_tile_30_level0_22-34
|2025-04-07|09:30:19.630| [INFO] ........................ Done Assembling 936462_0_tile_45_level0_23-39
|2025-04-07|09:30:19.657| [INFO] ........................ Done Assembling 937149_0_tile_222_level0_23-18
|2025-04-07|09:30:19.664| [INFO] ........................ Done Assembling 937149_0_tile_3_level0_5-17
|2025-04-07|09:30:19.680| [INFO] ........................ Done Assembling 937149_0_tile_209_level0_22-17
|2025-04-07|09:30:19.690| [INFO] ........................ Done Assembling 937149_0_tile_43_level0_11-20
|2025-04-07|09:30:19.700| [INFO] ........................ Done Assembling 937149_0_tile_5_level0_6-14
|2025-04-07|09:30:19.700| [INFO] ........................ Done Assembling 942359_0_tile_22_level0_14-6
|2025-04-07|09:30:19.712| [INFO] ........................ Done Assembling 937149_0_tile_65_level0_13-12
|2025-04-07|09:30:19.721| [INFO] ........................ Done Assembling 937149_0_tile_6_level0_6-15
|2025-04-07|10:03:01.405| [INFO] .... Detect #GPUS: 1
|2025-04-07|10:03:21.925| [INFO] ........................ Done Assembling 935864_0_tile_10_level0_8-43
|2025-04-07|10:03:21.934| [INFO] ........................ Done Assembling 942359_0_tile_24_level0_14-8
|2025-04-07|10:03:21.949| [INFO] ........................ Done Assembling 942359_0_tile_56_level0_18-10
|2025-04-07|10:03:21.959| [INFO] ........................ Done Assembling 943784_0_tile_139_level0_32-42
|2025-04-07|10:03:21.975| [INFO] ........................ Done Assembling 943784_0_tile_159_level0_34-37
|2025-04-07|10:03:21.984| [INFO] ........................ Done Assembling 945986_0_tile_20_level0_11-12
|2025-04-07|10:03:21.991| [INFO] ........................ Done Assembling 945986_0_tile_30_level0_12-13
|2025-04-07|10:03:22.004| [INFO] ........................ Done Assembling 948805_0_tile_139_level0_29-32
|2025-04-07|10:03:22.020| [INFO] ........................ Done Assembling 935864_0_tile_11_level0_8-44
|2025-04-07|10:03:22.032| [INFO] ........................ Done Assembling 980893_0_tile_235_level0_33-72
|2025-04-07|10:03:22.048| [INFO] ........................ Done Assembling 935864_0_tile_26_level0_10-40
|2025-04-07|10:03:22.061| [INFO] ........................ Done Assembling 935864_0_tile_40_level0_11-44
|2025-04-07|10:03:22.077| [INFO] ........................ Done Assembling 935864_0_tile_42_level0_11-47
|2025-04-07|10:03:22.105| [INFO] ........................ Done Assembling 936462_0_tile_30_level0_22-34
|2025-04-07|10:03:22.120| [INFO] ........................ Done Assembling 935864_0_tile_55_level0_13-37
|2025-04-07|10:03:22.127| [INFO] ........................ Done Assembling 936462_0_tile_45_level0_23-39
|2025-04-07|10:03:22.138| [INFO] ........................ Done Assembling 937149_0_tile_222_level0_23-18
|2025-04-07|10:03:22.151| [INFO] ........................ Done Assembling 937149_0_tile_209_level0_22-17
|2025-04-07|10:03:22.168| [INFO] ........................ Done Assembling 937149_0_tile_43_level0_11-20
|2025-04-07|10:03:22.174| [INFO] ........................ Done Assembling 937149_0_tile_3_level0_5-17
|2025-04-07|10:03:22.184| [INFO] ........................ Done Assembling 937149_0_tile_5_level0_6-14
|2025-04-07|10:03:22.196| [INFO] ........................ Done Assembling 937149_0_tile_65_level0_13-12
|2025-04-07|10:03:22.204| [INFO] ........................ Done Assembling 937149_0_tile_6_level0_6-15
|2025-04-07|10:03:22.210| [INFO] ........................ Done Assembling 942359_0_tile_22_level0_14-6
|2025-04-07|10:05:00.597| [INFO] .... Detect #GPUS: 1
|2025-04-07|10:05:20.423| [INFO] ........................ Done Assembling 935864_0_tile_10_level0_8-43
|2025-04-07|10:05:20.430| [INFO] ........................ Done Assembling 942359_0_tile_24_level0_14-8
|2025-04-07|10:05:20.446| [INFO] ........................ Done Assembling 942359_0_tile_56_level0_18-10
|2025-04-07|10:05:20.458| [INFO] ........................ Done Assembling 943784_0_tile_139_level0_32-42
|2025-04-07|10:05:20.474| [INFO] ........................ Done Assembling 943784_0_tile_159_level0_34-37
|2025-04-07|10:05:20.485| [INFO] ........................ Done Assembling 945986_0_tile_20_level0_11-12
|2025-04-07|10:05:20.494| [INFO] ........................ Done Assembling 945986_0_tile_30_level0_12-13
|2025-04-07|10:05:20.506| [INFO] ........................ Done Assembling 948805_0_tile_139_level0_29-32
|2025-04-07|10:05:20.515| [INFO] ........................ Done Assembling 980893_0_tile_235_level0_33-72
|2025-04-07|10:05:20.532| [INFO] ........................ Done Assembling 935864_0_tile_11_level0_8-44
|2025-04-07|10:05:20.689| [INFO] ........................ Done Assembling 935864_0_tile_26_level0_10-40
|2025-04-07|10:05:20.716| [INFO] ........................ Done Assembling 935864_0_tile_40_level0_11-44
|2025-04-07|10:05:20.740| [INFO] ........................ Done Assembling 935864_0_tile_55_level0_13-37
|2025-04-07|10:05:20.762| [INFO] ........................ Done Assembling 935864_0_tile_42_level0_11-47
|2025-04-07|10:05:20.768| [INFO] ........................ Done Assembling 936462_0_tile_30_level0_22-34
|2025-04-07|10:05:20.791| [INFO] ........................ Done Assembling 936462_0_tile_45_level0_23-39
|2025-04-07|10:05:20.806| [INFO] ........................ Done Assembling 937149_0_tile_43_level0_11-20
|2025-04-07|10:05:20.812| [INFO] ........................ Done Assembling 937149_0_tile_3_level0_5-17
|2025-04-07|10:05:20.826| [INFO] ........................ Done Assembling 937149_0_tile_209_level0_22-17
|2025-04-07|10:05:20.836| [INFO] ........................ Done Assembling 937149_0_tile_222_level0_23-18
|2025-04-07|10:05:20.845| [INFO] ........................ Done Assembling 937149_0_tile_5_level0_6-14
|2025-04-07|10:05:20.850| [INFO] ........................ Done Assembling 942359_0_tile_22_level0_14-6
|2025-04-07|10:05:20.859| [INFO] ........................ Done Assembling 937149_0_tile_65_level0_13-12
|2025-04-07|10:05:20.866| [INFO] ........................ Done Assembling 937149_0_tile_6_level0_6-15
|2025-04-07|10:05:40.270| [INFO] .... Detect #GPUS: 1
|2025-04-07|10:13:43.154| [INFO] .... Detect #GPUS: 1
|2025-04-07|10:39:26.592| [INFO] .... Detect #GPUS: 1
|2025-04-07|10:39:41.885| [INFO] ........................ Silent Crash
|2025-04-07|10:39:41.885| [INFO] ........................ Silent Crash
|2025-04-07|10:39:41.885| [INFO] ........................ Silent Crash
|2025-04-07|10:39:41.885| [INFO] ........................ Silent Crash
|2025-04-07|10:39:41.885| [INFO] ........................ Silent Crash
|2025-04-07|10:39:41.885| [INFO] ........................ Silent Crash
|2025-04-07|10:39:41.885| [INFO] ........................ Silent Crash
|2025-04-07|10:39:41.885| [INFO] ........................ Silent Crash
|2025-04-07|10:39:41.887| [INFO] ........................ Silent Crash
|2025-04-07|10:39:41.887| [INFO] ........................ Silent Crash
|2025-04-07|10:39:41.887| [INFO] ........................ Silent Crash
|2025-04-07|10:39:41.887| [INFO] ........................ Silent Crash
|2025-04-07|10:39:41.887| [INFO] ........................ Silent Crash
|2025-04-07|10:39:41.893| [INFO] ........................ Silent Crash
|2025-04-07|10:39:41.903| [INFO] ........................ Silent Crash
|2025-04-07|10:39:41.903| [INFO] ........................ Silent Crash
|2025-04-07|10:39:41.913| [INFO] ........................ Silent Crash
|2025-04-07|10:39:41.914| [INFO] ........................ Silent Crash
|2025-04-07|10:39:41.914| [INFO] ........................ Silent Crash
|2025-04-07|10:39:41.934| [INFO] ........................ Silent Crash
|2025-04-07|10:39:41.934| [INFO] ........................ Silent Crash
|2025-04-07|10:39:41.934| [INFO] ........................ Silent Crash
|2025-04-07|10:39:41.955| [INFO] ........................ Silent Crash
|2025-04-07|10:39:41.955| [INFO] ........................ Silent Crash
|2025-04-07|10:52:07.188| [INFO] .... Detect #GPUS: 1
|2025-04-07|10:52:21.007| [INFO] ........................ Silent Crash
|2025-04-07|10:52:21.007| [INFO] ........................ Silent Crash
|2025-04-07|10:52:21.007| [INFO] ........................ Silent Crash
|2025-04-07|10:52:21.007| [INFO] ........................ Silent Crash
|2025-04-07|10:52:21.017| [INFO] ........................ Silent Crash
|2025-04-07|10:52:21.027| [INFO] ........................ Silent Crash
|2025-04-07|10:52:21.038| [INFO] ........................ Silent Crash
|2025-04-07|10:52:21.048| [INFO] ........................ Silent Crash
|2025-04-07|10:52:21.068| [INFO] ........................ Silent Crash
|2025-04-07|10:52:21.079| [INFO] ........................ Silent Crash
|2025-04-07|10:52:21.100| [INFO] ........................ Silent Crash
|2025-04-07|10:52:21.120| [INFO] ........................ Silent Crash
|2025-04-07|10:52:21.140| [INFO] ........................ Silent Crash
|2025-04-07|10:52:21.151| [INFO] ........................ Silent Crash
|2025-04-07|10:52:21.168| [INFO] ........................ Silent Crash
|2025-04-07|10:52:21.171| [INFO] ........................ Silent Crash
|2025-04-07|10:52:21.192| [INFO] ........................ Silent Crash
|2025-04-07|10:52:21.207| [INFO] ........................ Silent Crash
|2025-04-07|10:52:21.223| [INFO] ........................ Silent Crash
|2025-04-07|10:52:21.233| [INFO] ........................ Silent Crash
|2025-04-07|10:52:21.250| [INFO] ........................ Silent Crash
|2025-04-07|10:52:21.264| [INFO] ........................ Silent Crash
|2025-04-07|10:52:21.284| [INFO] ........................ Silent Crash
|2025-04-07|10:52:21.393| [INFO] ........................ Silent Crash
|2025-04-07|10:52:58.465| [INFO] .... Detect #GPUS: 1
|2025-04-07|10:53:08.669| [INFO] ........................ Silent Crash
|2025-04-07|10:53:08.669| [INFO] ........................ Silent Crash
|2025-04-07|10:53:08.669| [INFO] ........................ Silent Crash
|2025-04-07|10:53:08.672| [INFO] ........................ Silent Crash
|2025-04-07|10:53:08.672| [INFO] ........................ Silent Crash
|2025-04-07|10:53:08.672| [INFO] ........................ Silent Crash
|2025-04-07|10:53:08.673| [INFO] ........................ Silent Crash
|2025-04-07|10:53:08.673| [INFO] ........................ Silent Crash
|2025-04-07|10:53:08.673| [INFO] ........................ Silent Crash
|2025-04-07|10:53:08.673| [INFO] ........................ Silent Crash
|2025-04-07|10:53:08.673| [INFO] ........................ Silent Crash
|2025-04-07|10:53:08.679| [INFO] ........................ Silent Crash
|2025-04-07|10:53:08.686| [INFO] ........................ Silent Crash
|2025-04-07|10:53:08.695| [INFO] ........................ Silent Crash
|2025-04-07|10:53:08.699| [INFO] ........................ Silent Crash
|2025-04-07|10:53:08.706| [INFO] ........................ Silent Crash
|2025-04-07|10:53:08.706| [INFO] ........................ Silent Crash
|2025-04-07|10:53:08.717| [INFO] ........................ Silent Crash
|2025-04-07|10:53:08.720| [INFO] ........................ Silent Crash
|2025-04-07|10:53:08.729| [INFO] ........................ Silent Crash
|2025-04-07|10:53:08.734| [INFO] ........................ Silent Crash
|2025-04-07|10:53:08.737| [INFO] ........................ Silent Crash
|2025-04-07|10:53:08.749| [INFO] ........................ Silent Crash
|2025-04-07|10:53:08.751| [INFO] ........................ Silent Crash
|2025-04-07|10:53:29.286| [INFO] .... Detect #GPUS: 1
|2025-04-07|10:53:39.624| [INFO] ........................ Silent Crash
|2025-04-07|10:53:39.624| [INFO] ........................ Silent Crash
|2025-04-07|10:53:39.624| [INFO] ........................ Silent Crash
|2025-04-07|10:53:39.624| [INFO] ........................ Silent Crash
|2025-04-07|10:53:39.625| [INFO] ........................ Silent Crash
|2025-04-07|10:53:39.625| [INFO] ........................ Silent Crash
|2025-04-07|10:53:39.625| [INFO] ........................ Silent Crash
|2025-04-07|10:53:39.625| [INFO] ........................ Silent Crash
|2025-04-07|10:53:39.625| [INFO] ........................ Silent Crash
|2025-04-07|10:53:39.625| [INFO] ........................ Silent Crash
|2025-04-07|10:53:39.626| [INFO] ........................ Silent Crash
|2025-04-07|10:53:39.629| [INFO] ........................ Silent Crash
|2025-04-07|10:53:39.636| [INFO] ........................ Silent Crash
|2025-04-07|10:53:39.648| [INFO] ........................ Silent Crash
|2025-04-07|10:53:39.649| [INFO] ........................ Silent Crash
|2025-04-07|10:53:39.656| [INFO] ........................ Silent Crash
|2025-04-07|10:53:39.659| [INFO] ........................ Silent Crash
|2025-04-07|10:53:39.671| [INFO] ........................ Silent Crash
|2025-04-07|10:53:39.674| [INFO] ........................ Silent Crash
|2025-04-07|10:53:39.682| [INFO] ........................ Silent Crash
|2025-04-07|10:53:39.691| [INFO] ........................ Silent Crash
|2025-04-07|10:53:39.692| [INFO] ........................ Silent Crash
|2025-04-07|10:53:39.704| [INFO] ........................ Silent Crash
|2025-04-07|10:53:39.707| [INFO] ........................ Silent Crash
|2025-04-07|10:54:16.326| [INFO] .... Detect #GPUS: 1
|2025-04-07|10:54:30.294| [INFO] ........................ Silent Crash
|2025-04-07|10:54:30.295| [INFO] ........................ Silent Crash
|2025-04-07|10:54:30.295| [INFO] ........................ Silent Crash
|2025-04-07|10:54:30.296| [INFO] ........................ Silent Crash
|2025-04-07|10:54:30.305| [INFO] ........................ Silent Crash
|2025-04-07|10:54:30.315| [INFO] ........................ Silent Crash
|2025-04-07|10:54:30.324| [INFO] ........................ Silent Crash
|2025-04-07|10:54:30.343| [INFO] ........................ Silent Crash
|2025-04-07|10:54:30.360| [INFO] ........................ Silent Crash
|2025-04-07|10:54:30.373| [INFO] ........................ Silent Crash
|2025-04-07|10:54:30.393| [INFO] ........................ Silent Crash
|2025-04-07|10:54:30.408| [INFO] ........................ Silent Crash
|2025-04-07|10:54:30.428| [INFO] ........................ Silent Crash
|2025-04-07|10:54:30.445| [INFO] ........................ Silent Crash
|2025-04-07|10:54:30.456| [INFO] ........................ Silent Crash
|2025-04-07|10:54:30.465| [INFO] ........................ Silent Crash
|2025-04-07|10:54:30.480| [INFO] ........................ Silent Crash
|2025-04-07|10:54:30.492| [INFO] ........................ Silent Crash
|2025-04-07|10:54:30.516| [INFO] ........................ Silent Crash
|2025-04-07|10:54:30.528| [INFO] ........................ Silent Crash
|2025-04-07|10:54:30.538| [INFO] ........................ Silent Crash
|2025-04-07|10:54:30.554| [INFO] ........................ Silent Crash
|2025-04-07|10:54:30.572| [INFO] ........................ Silent Crash
|2025-04-07|10:54:30.716| [INFO] ........................ Silent Crash
|2025-04-07|10:54:43.536| [INFO] .... Detect #GPUS: 1
|2025-04-07|10:59:12.502| [INFO] ........................ Silent Crash
|2025-04-07|10:59:12.503| [INFO] ........................ Silent Crash
|2025-04-07|10:59:12.503| [INFO] ........................ Silent Crash
|2025-04-07|10:59:12.504| [INFO] ........................ Silent Crash
|2025-04-07|10:59:12.512| [INFO] ........................ Silent Crash
|2025-04-07|10:59:12.522| [INFO] ........................ Silent Crash
|2025-04-07|10:59:12.531| [INFO] ........................ Silent Crash
|2025-04-07|10:59:12.552| [INFO] ........................ Silent Crash
|2025-04-07|10:59:12.570| [INFO] ........................ Silent Crash
|2025-04-07|10:59:12.582| [INFO] ........................ Silent Crash
|2025-04-07|10:59:12.600| [INFO] ........................ Silent Crash
|2025-04-07|10:59:12.615| [INFO] ........................ Silent Crash
|2025-04-07|10:59:12.634| [INFO] ........................ Silent Crash
|2025-04-07|10:59:12.651| [INFO] ........................ Silent Crash
|2025-04-07|10:59:12.663| [INFO] ........................ Silent Crash
|2025-04-07|10:59:12.672| [INFO] ........................ Silent Crash
|2025-04-07|10:59:12.686| [INFO] ........................ Silent Crash
|2025-04-07|10:59:12.697| [INFO] ........................ Silent Crash
|2025-04-07|10:59:12.720| [INFO] ........................ Silent Crash
|2025-04-07|10:59:12.732| [INFO] ........................ Silent Crash
|2025-04-07|10:59:12.745| [INFO] ........................ Silent Crash
|2025-04-07|10:59:12.765| [INFO] ........................ Silent Crash
|2025-04-07|10:59:12.770| [INFO] ........................ Silent Crash
|2025-04-07|10:59:12.784| [INFO] ........................ Silent Crash
|2025-04-07|11:01:07.467| [INFO] .... Detect #GPUS: 1
|2025-04-07|11:09:25.506| [INFO] .... Detect #GPUS: 1
|2025-04-07|11:15:06.581| [INFO] .... Detect #GPUS: 1
|2025-04-07|11:16:53.613| [INFO] .... Detect #GPUS: 1
|2025-04-07|11:28:06.265| [INFO] .... Detect #GPUS: 1
|2025-04-07|11:28:20.721| [INFO] ........................ Done Assembling 935864_0_tile_10_level0_8-43
|2025-04-07|11:28:20.736| [INFO] ........................ Done Assembling 935864_0_tile_26_level0_10-40
|2025-04-07|11:28:20.742| [INFO] ........................ Done Assembling 935864_0_tile_40_level0_11-44
|2025-04-07|11:28:20.763| [INFO] ........................ Done Assembling 935864_0_tile_42_level0_11-47
|2025-04-07|11:28:20.774| [INFO] ........................ Done Assembling 935864_0_tile_55_level0_13-37
|2025-04-07|11:28:20.794| [INFO] ........................ Done Assembling 935864_0_tile_11_level0_8-44
|2025-04-07|11:28:20.794| [INFO] ........................ Done Assembling 936462_0_tile_30_level0_22-34
|2025-04-07|11:28:20.807| [INFO] ........................ Done Assembling 936462_0_tile_45_level0_23-39
|2025-04-07|11:28:20.825| [INFO] ........................ Done Assembling 937149_0_tile_209_level0_22-17
|2025-04-07|11:28:20.825| [INFO] ........................ Done Assembling 937149_0_tile_222_level0_23-18
|2025-04-07|11:28:20.842| [INFO] ........................ Done Assembling 937149_0_tile_3_level0_5-17
|2025-04-07|11:28:20.852| [INFO] ........................ Done Assembling 937149_0_tile_43_level0_11-20
|2025-04-07|11:28:20.860| [INFO] ........................ Done Assembling 937149_0_tile_5_level0_6-14
|2025-04-07|11:28:20.869| [INFO] ........................ Done Assembling 937149_0_tile_65_level0_13-12
|2025-04-07|11:28:20.877| [INFO] ........................ Done Assembling 937149_0_tile_6_level0_6-15
|2025-04-07|11:28:20.881| [INFO] ........................ Done Assembling 942359_0_tile_22_level0_14-6
|2025-04-07|11:28:20.885| [INFO] ........................ Done Assembling 942359_0_tile_24_level0_14-8
|2025-04-07|11:28:20.885| [INFO] ........................ Done Assembling 943784_0_tile_139_level0_32-42
|2025-04-07|11:28:20.896| [INFO] ........................ Done Assembling 942359_0_tile_56_level0_18-10
|2025-04-07|11:28:20.896| [INFO] ........................ Done Assembling 945986_0_tile_20_level0_11-12
|2025-04-07|11:28:20.906| [INFO] ........................ Done Assembling 943784_0_tile_159_level0_34-37
|2025-04-07|11:28:20.916| [INFO] ........................ Done Assembling 945986_0_tile_30_level0_12-13
|2025-04-07|11:28:20.926| [INFO] ........................ Done Assembling 948805_0_tile_139_level0_29-32
|2025-04-07|11:28:20.926| [INFO] ........................ Done Assembling 980893_0_tile_235_level0_33-72
|2025-04-07|11:33:48.839| [INFO] .... Detect #GPUS: 1
|2025-04-07|11:35:17.347| [INFO] .... Detect #GPUS: 1
|2025-08-07|19:48:17.031| [INFO] .... Detect #GPUS: 1
|2025-08-07|19:49:20.975| [INFO] .... Detect #GPUS: 1
